**********************
PowerShell transcript start
Start time: 20260525222414
Username: DESKTOP-KTF8EOJ\sim
RunAs User: DESKTOP-KTF8EOJ\sim
Configuration Name: 
Machine: DESKTOP-KTF8EOJ (Microsoft Windows NT 10.0.26200.0)
Host Application: C:\Program Files\WindowsApps\Microsoft.PowerShell_7.6.2.0_x64__8wekyb3d8bbwe\pwsh.dll
Process ID: 12816
PSVersion: 7.6.2
PSEdition: Core
GitCommitId: 7.6.2
OS: Microsoft Windows 10.0.26200
Platform: Win32NT
PSCompatibleVersions: 1.0, 2.0, 3.0, 4.0, 5.0, 5.1, 6.0, 7.0
PSRemotingProtocolVersion: 2.4
SerializationVersion: 1.1.0.1
WSManStackVersion: 3.0
**********************
=== WT package dirs ===
C:\Users\sim\AppData\Local\Packages\Microsoft.WindowsTerminal_8wekyb3d8bbwe\LocalState\settings.json  exists=True  size=0

=== Contents (if any) ===

--- C:\Users\sim\AppData\Local\Packages\Microsoft.WindowsTerminal_8wekyb3d8bbwe\LocalState\settings.json ---
{
    "$help": "https://aka.ms/terminal-documentation",
    "$schema": "https://aka.ms/terminal-profiles-schema",
    "actions": [],
    "defaultProfile": "{61c54bbd-c2c6-5271-96e7-009a87ff44bf}",
    "keybindings": [],
    "newTabMenu": 
    [
        {
            "type": "remainingProfiles"
        }
    ],
    "profiles": 
    {
        "defaults": {},
        "list": 
        [
            {
                "guid": "{61c54bbd-c2c6-5271-96e7-009a87ff44bf}",
                "hidden": false,
                "name": "Windows PowerShell"
            },
            {
                "guid": "{0caa0dad-35be-5f56-a8ff-afceeeaa6101}",
                "hidden": false,
                "name": "Command Prompt"
            }
        ]
    },
    "schemes": [],
    "themes": []
}

=== Symlink/file status of repo target ===

FullName : C:\Users\sim\AppData\Local\Packages\Microsoft.WindowsTerminal_8wekyb3d8bbwe\LocalState\settings.json
LinkType : SymbolicLink
Target   : C:\Users\sim\dots-windows\windowsterminal\settings.json
Length   : 0
=== pwsh on PATH? ===

Source  : C:\Program Files\WindowsApps\Microsoft.PowerShell_7.6.2.0_x64__8wekyb3d8bbwe\pwsh.exe
Version : 7.6.2.0
=== pwsh.exe in standard locations? ===

=== Killing any running WT processes (so next launch re-discovers PS7) ===
  none running
**********************
PowerShell transcript end
End time: 20260525222414
**********************
